[2016.02.03-18.56.42:808][  0]Log file open, 02/03/16 11:56:42
[2016.02.03-18.56.42:808][  0]LogInit:Display: Running engine for game: UavSimulator
[2016.02.03-18.56.42:808][  0]LogPlatformFile: Not using cached read wrapper
[2016.02.03-18.56.42:808][  0]LogInit:Display: RandInit(857747346) SRandInit(857747348).
[2016.02.03-18.56.42:808][  0]LogTaskGraph: Started task graph with 4 named threads and 7 total threads.
[2016.02.03-18.56.42:808][  0]LogStats: Stats thread started at 0.074950
[2016.02.03-18.56.42:808][  0]LogInit: Version: 4.10.2-2818068+++depot+UE4-Releases+4.10
[2016.02.03-18.56.42:808][  0]LogInit: API Version: 2758231
[2016.02.03-18.56.42:808][  0]LogInit: Compiled (64-bit): Jan  6 2016 17:36:42
[2016.02.03-18.56.42:808][  0]LogInit: Compiled with Visual C++: 19.00.23026.00
[2016.02.03-18.56.42:808][  0]LogInit: Build Configuration: Development
[2016.02.03-18.56.42:808][  0]LogInit: Branch Name: ++depot+UE4-Releases+4.10
[2016.02.03-18.56.42:808][  0]LogInit: Command line: 
[2016.02.03-18.56.42:808][  0]LogInit: Base directory: C:/Program Files (x86)/Epic Games/4.10/Engine/Binaries/Win64/
[2016.02.03-18.56.42:808][  0]LogInit: Rocket: 1
[2016.02.03-18.56.42:815][  0]LogInit: Using libcurl 7.41.0
[2016.02.03-18.56.42:815][  0]LogInit:  - built for x86_64-pc-win32
[2016.02.03-18.56.42:815][  0]LogInit:  - supports SSL with WinSSL
[2016.02.03-18.56.42:815][  0]LogInit:  - other features:
[2016.02.03-18.56.42:815][  0]LogInit:      CURL_VERSION_SSL
[2016.02.03-18.56.42:815][  0]LogInit:      CURL_VERSION_IPV6
[2016.02.03-18.56.42:815][  0]LogInit:      CURL_VERSION_ASYNCHDNS
[2016.02.03-18.56.42:815][  0]LogInit:      CURL_VERSION_LARGEFILE
[2016.02.03-18.56.42:815][  0]LogInit:      CURL_VERSION_IDN
[2016.02.03-18.56.42:815][  0]LogInit:  CurlRequestOptions (configurable via config and command line):
[2016.02.03-18.56.42:815][  0]LogInit:  - bVerifyPeer = true  - Libcurl will verify peer certificate
[2016.02.03-18.56.42:815][  0]LogInit:  - bUseHttpProxy = false  - Libcurl will NOT use HTTP proxy
[2016.02.03-18.56.42:815][  0]LogInit:  - bDontReuseConnections = false  - Libcurl will reuse connections
[2016.02.03-18.56.42:815][  0]LogInit:  - CertBundlePath = nullptr  - Libcurl will use whatever was configured at build time.
[2016.02.03-18.56.42:820][  0]LogInit: Presizing for 0 objects not considered by GC, pre-allocating 0 bytes.
[2016.02.03-18.56.42:825][  0]LogInit: Object subsystem initialized
[2016.02.03-18.56.42:825][  0]LogInit: Selected Device Profile: [Windows]
[2016.02.03-18.56.42:825][  0]LogInit: Applying CVar settings loaded from the selected device profile: [Windows]
[2016.02.03-18.56.42:835][  0]LogInit: Computer: THEHOOD
[2016.02.03-18.56.42:835][  0]LogInit: User: BryantChandler
[2016.02.03-18.56.42:835][  0]LogInit: CPU Page size=4096, Cores=4
[2016.02.03-18.56.42:835][  0]LogInit: High frequency timer resolution =3.328131 MHz
[2016.02.03-18.56.42:835][  0]LogMemory: Memory total: Physical=15.9GB (16GB approx)
[2016.02.03-18.56.42:835][  0]LogMemory: Platform Memory Stats for Windows
[2016.02.03-18.56.42:835][  0]LogMemory: Process Physical Memory: 56.32 MB used, 56.32 MB peak
[2016.02.03-18.56.42:835][  0]LogMemory: Process Virtual Memory: 58.93 MB used, 58.93 MB peak
[2016.02.03-18.56.42:835][  0]LogMemory: Physical Memory: 6065.34 MB used, 16287.96 MB total
[2016.02.03-18.56.42:835][  0]LogMemory: Virtual Memory: 385.70 MB used, 134217728.00 MB total
[2016.02.03-18.56.42:865][  0]LogTextLocalizationManager: No specific translations for ('en-US') exist, so ('en') translations will be used.
[2016.02.03-18.56.43:249][  0]LogD3D11RHI: Found D3D11 adapter 0: NVIDIA GeForce GTX 960 (Feature Level 11_0)
[2016.02.03-18.56.43:249][  0]LogD3D11RHI: Adapter has 1969MB of dedicated video memory, 0MB of dedicated system memory, and 8143MB of shared system memory, 2 output[s]
[2016.02.03-18.56.43:255][  0]LogD3D11RHI: Found D3D11 adapter 1: Intel(R) HD Graphics 530 (Feature Level 11_0)
[2016.02.03-18.56.43:255][  0]LogD3D11RHI: Adapter has 128MB of dedicated video memory, 0MB of dedicated system memory, and 8143MB of shared system memory, 0 output[s]
[2016.02.03-18.56.43:256][  0]LogD3D11RHI: Found D3D11 adapter 2: Microsoft Basic Render Driver (Feature Level 11_0)
[2016.02.03-18.56.43:256][  0]LogD3D11RHI: Adapter has 0MB of dedicated video memory, 0MB of dedicated system memory, and 8143MB of shared system memory, 0 output[s]
[2016.02.03-18.56.43:256][  0]LogD3D11RHI: Chosen D3D11 Adapter Id = 0
[2016.02.03-18.56.43:261][  0]LogD3D11RHI: !Direct3DDevice
[2016.02.03-18.56.43:261][  0]LogRHI: Texture pool is 1361 MB (70% of 1945 MB)
[2016.02.03-18.56.43:272][  0]LogD3D11RHI: Async texture creation enabled
[2016.02.03-18.56.43:286][  0]LogShaderCompilers: Guid format shader working directory is -29 characters bigger than the processId version (../../../../../../Users/Bryant Chandler/Documents/robot.simulator/UavSimulator/Intermediate/Shaders/WorkingDirectory/8824/).
[2016.02.03-18.56.43:287][  0]LogShaderCompilers: Cleaned the shader compiler working directory 'C:/Users/BRYANT~1/AppData/Local/Temp/UnrealShaderWorkingDir/DB51AA2F4BDE659EAD35358F07575CED/'.
[2016.02.03-18.56.43:287][  0]LogShaderCompilers:Display: Using Local Shader Compiler.
[2016.02.03-18.56.43:903][  0]LogTemp:Display: Loaded TP AllDesktopTargetPlatform
[2016.02.03-18.56.43:907][  0]LogTemp:Display: Loaded TP WindowsClientTargetPlatform
[2016.02.03-18.56.43:911][  0]LogTemp:Display: Loaded TP WindowsNoEditorTargetPlatform
[2016.02.03-18.56.43:915][  0]LogTemp:Display: Loaded TP WindowsServerTargetPlatform
[2016.02.03-18.56.43:919][  0]LogTemp:Display: Loaded TP WindowsTargetPlatform
[2016.02.03-18.56.43:921][  0]LogTemp:Display: Loaded TP AndroidTargetPlatform
[2016.02.03-18.56.43:924][  0]LogTemp:Display: Loaded TP Android_ASTCTargetPlatform
[2016.02.03-18.56.43:926][  0]LogTemp:Display: Loaded TP Android_ATCTargetPlatform
[2016.02.03-18.56.43:929][  0]LogTemp:Display: Loaded TP Android_DXTTargetPlatform
[2016.02.03-18.56.43:932][  0]LogTemp:Display: Loaded TP Android_ETC1TargetPlatform
[2016.02.03-18.56.43:934][  0]LogTemp:Display: Loaded TP Android_ETC2TargetPlatform
[2016.02.03-18.56.43:939][  0]LogTemp:Display: Loaded TP Android_MultiTargetPlatform
[2016.02.03-18.56.43:939][  0]LogTemp:Display: Loaded TP Android_PVRTCTargetPlatform
[2016.02.03-18.56.43:939][  0]LogTemp:Display: Loaded TP HTML5TargetPlatform
[2016.02.03-18.56.43:955][  0]LogTemp:Display: Loaded TP IOSTargetPlatform
[2016.02.03-18.56.43:957][  0]LogTemp:Display: Loaded TP LinuxNoEditorTargetPlatform
[2016.02.03-18.56.43:959][  0]LogTemp:Display: Loaded TP LinuxServerTargetPlatform
[2016.02.03-18.56.43:963][  0]LogTemp:Display: Loaded TP LinuxTargetPlatform
[2016.02.03-18.56.43:963][  0]LogTargetPlatformManager:Display: Building Assets For Windows
[2016.02.03-18.56.44:028][  0]LogDerivedDataCache:Display: Max Cache Size: 512 MB
[2016.02.03-18.56.44:063][  0]LogDerivedDataCache: Loaded boot cache 0.03s 41MB C:/Users/Bryant Chandler/AppData/Local/UnrealEngine/4.10/DerivedDataCache/Boot.ddc.
[2016.02.03-18.56.44:064][  0]LogDerivedDataCache:Display: Loaded Boot cache: C:/Users/Bryant Chandler/AppData/Local/UnrealEngine/4.10/DerivedDataCache/Boot.ddc
[2016.02.03-18.56.44:064][  0]LogDerivedDataCache: FDerivedDataBackendGraph:  Pak pak cache file ../../../../../../Users/Bryant Chandler/Documents/robot.simulator/UavSimulator/DerivedDataCache/DDC.ddp not found, will not use a pak cache.
[2016.02.03-18.56.44:064][  0]LogDerivedDataCache: Unable to find inner node Pak for hierarchical cache Hierarchy.
[2016.02.03-18.56.44:064][  0]LogDerivedDataCache: FDerivedDataBackendGraph:  CompressedPak pak cache file ../../../../../../Users/Bryant Chandler/Documents/robot.simulator/UavSimulator/DerivedDataCache/Compressed.ddp not found, will not use a pak cache.
[2016.02.03-18.56.44:064][  0]LogDerivedDataCache: Unable to find inner node CompressedPak for hierarchical cache Hierarchy.
[2016.02.03-18.56.44:111][  0]LogDerivedDataCache:Display: Pak cache opened for reading ../../../Engine/DerivedDataCache/Compressed.ddp.
[2016.02.03-18.56.44:122][  0]LogDerivedDataCache: Using Local data cache path C:/Users/Bryant Chandler/AppData/Local/UnrealEngine/Common/DerivedDataCache: Writable
[2016.02.03-18.56.44:256][  0]LogInit: Selected Device Profile: [Windows]
[2016.02.03-18.56.44:257][  0]LogContentStreaming: Texture pool size is 0.000000MB
[2016.02.03-18.56.44:339][  0]LogMeshUtilities: No automatic mesh reduction module available
[2016.02.03-18.56.44:339][  0]LogMeshUtilities: No automatic mesh merging module available
[2016.02.03-18.56.44:504][  0]LogInit: WinSock: version 1.1 (2.2), MaxSocks=32767, MaxUdp=65467
[2016.02.03-18.56.45:084][  0]UdpMessaging: Initializing bridge on interface 0.0.0.0:0 to multicast group 230.0.0.1:6666.
[2016.02.03-18.56.45:173][  0]LogAssetRegistry: FAssetRegistry took 0.0106 seconds to start up
[2016.02.03-18.56.45:295][  0]SourceControl: Info Source control is disabled
[2016.02.03-18.56.45:323][  0]SourceControl: Info Source control is disabled
[2016.02.03-18.56.45:332][  0]SourceControl: Info Source control is disabled
[2016.02.03-18.56.45:339][  0]SourceControl: Info Source control is disabled
[2016.02.03-18.56.45:519][  0]LogObj: 28633 objects as part of root set at end of initial load.
[2016.02.03-18.56.45:519][  0]LogUObjectAllocator: 6099752 out of 0 bytes used by permanent object pool.
[2016.02.03-18.56.45:564][  0]LogEngine: Initializing Engine...
[2016.02.03-18.56.45:567][  0]LogHMD: Can't find Oculus library dev build: is proper Runtime installed? Version: 0.8.0.0
[2016.02.03-18.56.45:567][  0]LogHMD: SteamVR failed to initialize.  Err: 110
[2016.02.03-18.56.45:659][  0]LogAIModule: Creating AISystem for world NewWorld
[2016.02.03-18.56.45:665][  0]LogInit: XAudio2 using 'Speakers / Headphones (Realtek High Definition Audio)' : 2 channels at 48 kHz using 32 bits per sample (channel mask 0x3)
[2016.02.03-18.56.45:676][  0]LogInit: FAudioDevice initialized.
[2016.02.03-18.56.45:693][  0]LogDerivedDataCache: Saved boot cache 0.02s 41MB C:/Users/Bryant Chandler/AppData/Local/UnrealEngine/4.10/DerivedDataCache/Boot.ddc.
[2016.02.03-18.56.45:697][  0]LogInit: Texture streaming: Enabled
[2016.02.03-18.56.45:701][  0]LogAnalytics: Creating configured Analytics provider AnalyticsET
[2016.02.03-18.56.45:701][  0]LogAnalytics: [UEEditor.Rocket.Release] APIServer = http://et2.epicgames.com/ET2/. AppVersion = 4.10.2-2818068+++depot+UE4-Releases+4.10
[2016.02.03-18.56.45:701][  0]LogAnalytics: [UEEditor.Rocket.Release] SetUserId 895765324b68d14a12599b86d9c5911a|e63c654d70c647ba9209f847103cac21|b9a6e8ac-7d52-4db6-b9ca-097e0b71ee03
[2016.02.03-18.56.45:701][  0]LogAnalytics: [UEEditor.Rocket.Release] AnalyticsET::StartSession
[2016.02.03-18.56.45:710][  0]LogInit: Transaction tracking system initialized
[2016.02.03-18.56.45:734][  0]BlueprintLog: New page: Editor Load
[2016.02.03-18.56.45:800][  0]LocalizationService: Info Localization service is disabled
[2016.02.03-18.56.46:103][  0]LogConsoleResponse:Display: 
[2016.02.03-18.56.46:189][  0]LogCook:Display: Done creating registry. It took  0.00s.
[2016.02.03-18.56.46:234][  0]LogFileCache: Scanning file cache for directory 'C:/Users/Bryant Chandler/Documents/robot.simulator/UavSimulator/Content/' took 0.02s
[2016.02.03-18.56.46:234][  0]SourceControl: Info Source control is disabled
[2016.02.03-18.56.46:235][  0]Cmd: MAP LOAD FILE="../../../../../../Users/Bryant Chandler/Documents/robot.simulator/UavSimulator/Content/FlyingBP/Maps/FlyingExampleMap.umap" TEMPLATE=0 SHOWPROGRESS=1 FEATURELEVEL=3
[2016.02.03-18.56.46:237][  0]LightingResults: New page: Lighting Build
[2016.02.03-18.56.46:239][  0]MapCheck: New page: Map Check
[2016.02.03-18.56.46:239][  0]LightingResults: New page: Lighting Build
[2016.02.03-18.56.46:249][  0]LogParticles: Destroying 0 GPU particle simulations for FXSystem 0x0000019124507B00
[2016.02.03-18.56.46:706][  0]LogAIModule: Creating AISystem for world FlyingExampleMap
[2016.02.03-18.56.46:715][  0]LogEditorServer: Finished looking for orphan Actors (0.000 secs)
[2016.02.03-18.56.46:716][  0]Cmd: MAP CHECKDEP NOCLEARLOG
[2016.02.03-18.56.46:748][  0]MapCheck: Info Map check complete: 0 Error(s), 0 Warning(s), took 32.428ms to complete.
[2016.02.03-18.56.46:748][  0]LogFileHelpers: Loading map 'FlyingExampleMap' took 0.514
[2016.02.03-18.56.46:866][  0]LogCollectionManager: Loaded 0 collections in 0.002921 seconds
[2016.02.03-18.56.46:907][  0]LogFileCache: Scanning file cache for directory 'C:/Users/Bryant Chandler/Documents/robot.simulator/UavSimulator/Saved/Collections/' took 0.01s
[2016.02.03-18.56.46:907][  0]LogFileCache: Scanning file cache for directory 'C:/Users/Bryant Chandler/Documents/robot.simulator/UavSimulator/Content/Developers/BryantChandler/Collections/' took 0.01s
[2016.02.03-18.56.46:907][  0]LogFileCache: Scanning file cache for directory 'C:/Users/Bryant Chandler/Documents/robot.simulator/UavSimulator/Content/Collections/' took 0.01s
[2016.02.03-18.56.46:908][  0]LogCollectionManager: Rebuilt the GUID cache for 0 collections in 0.000001 seconds
[2016.02.03-18.56.46:913][  0]LogContentBrowser: Native class hierarchy populated in 0.0054 seconds. Added 1893 classes and 338 folders.
[2016.02.03-18.56.46:918][  0]LogContentBrowser: Native class hierarchy updated for 'WidgetCarousel' in 0.0003 seconds. Added 0 classes and 0 folders.
[2016.02.03-18.56.47:096][  0]LogContentBrowser: Native class hierarchy updated for 'AddContentDialog' in 0.0004 seconds. Added 0 classes and 0 folders.
[2016.02.03-18.56.47:100][  0]LogContentBrowser: Native class hierarchy updated for 'SceneOutliner' in 0.0003 seconds. Added 1 classes and 2 folders.
[2016.02.03-18.56.47:151][  0]LogCrashTracker: Crashtracker disabled due to settings.
[2016.02.03-18.56.47:155][  0]LogUObjectGlobals:Warning: Failed to find object 'Class None.'
[2016.02.03-18.56.47:178][  0]LogLoad: Full Startup: 4.76 seconds (BP compile: 0.05 seconds)
[2016.02.03-18.56.47:190][  0]LogOcInput: Can't find Oculus library dev build: is proper Runtime installed? Version: 0.8.0.0
[2016.02.03-18.56.47:258][  0]LogContentStreaming: Texture pool size now 1000 MB
[2016.02.03-18.56.47:380][  0]LogRenderer: Reallocating scene render targets to support 732x1148 (Frame:2).
[2016.02.03-18.56.47:506][  3]LogAssetRegistry: Asset discovery search completed in 2.3438 seconds
[2016.02.03-18.56.47:506][  3]LogCollectionManager: Rebuilt the object cache for 0 collections in 0.000001 seconds (found 0 objects)
[2016.02.03-18.56.47:506][  3]LogCollectionManager: Fixed up redirectors for 0 collections in 0.000014 seconds (updated 0 objects)
[2016.02.03-18.56.52:336][546]LogLinker:Warning: Asset '../../../Engine/Content/ArtTools/RenderToTexture/Macros/RenderToTextureMacros.uasset' has been saved with empty engine version. The asset will be loaded but may be incompatible.
[2016.02.03-18.56.52:633][546]LogContentBrowser: Native class hierarchy updated for 'BlueprintGraph' in 0.0005 seconds. Added 107 classes and 0 folders.
[2016.02.03-18.59.42:971][663]LogBlueprintUserMessages: Early PlayInEditor Detection: Level '/Game/FlyingBP/Maps/FlyingExampleMap.FlyingExampleMap:PersistentLevel' has LevelScriptBlueprint '/Game/FlyingBP/Maps/FlyingExampleMap.FlyingExampleMap:PersistentLevel.FlyingExampleMap' with GeneratedClass '/Game/FlyingBP/Maps/FlyingExampleMap.FlyingExampleMap_C' with ClassGeneratedBy '/Game/FlyingBP/Maps/FlyingExampleMap.FlyingExampleMap:PersistentLevel.FlyingExampleMap'
[2016.02.03-18.59.42:971][663]LogPlayLevel: PlayLevel: No blueprints needed recompiling
[2016.02.03-18.59.42:971][663]PIE: New page: PIE session: FlyingExampleMap (Feb 3, 2016, 4:59:42 AM)
[2016.02.03-18.59.42:971][663]LogPlayLevel: Creating play world package: /Game/FlyingBP/Maps/UEDPIE_0_FlyingExampleMap
[2016.02.03-18.59.43:011][663]LogPlayLevel: PIE: StaticDuplicateObject took: (0.039683s)
[2016.02.03-18.59.43:012][663]LogAIModule: Creating AISystem for world FlyingExampleMap
[2016.02.03-18.59.43:012][663]LogPlayLevel: PIE: World Init took: (0.000941s)
[2016.02.03-18.59.43:012][663]LogPlayLevel: PIE: Created PIE world by copying editor world from /Game/FlyingBP/Maps/Flyi